f:\xuw-j@glodom.com\study\qt_study\code\helloqt\helloqt\x64\debug\mywidget.obj
f:\xuw-j@glodom.com\study\qt_study\code\helloqt\helloqt\x64\debug\mybutton.obj
f:\xuw-j@glodom.com\study\qt_study\code\helloqt\helloqt\x64\debug\main.obj
f:\xuw-j@glodom.com\study\qt_study\code\helloqt\helloqt\x64\debug\subwidget.obj
f:\xuw-j@glodom.com\study\qt_study\code\helloqt\helloqt\x64\debug\moc_mywidget.obj
f:\xuw-j@glodom.com\study\qt_study\code\helloqt\helloqt\x64\debug\qrc_mywidget.obj
f:\xuw-j@glodom.com\study\qt_study\code\helloqt\helloqt\x64\debug\subwidget1.obj
f:\xuw-j@glodom.com\study\qt_study\code\helloqt\helloqt\x64\debug\vc140.pdb
f:\xuw-j@glodom.com\study\qt_study\xuw-j@glodom.com\study\qt_study\code\helloqt\helloqt\ui_subwidget.h
f:\xuw-j@glodom.com\study\qt_study\code\helloqt\helloqt\x64\debug\uic\ui_mywidget.h
f:\xuw-j@glodom.com\study\qt_study\code\helloqt\helloqt\x64\debug\rcc\qrc_mywidget.cpp
f:\xuw-j@glodom.com\study\qt_study\code\helloqt\helloqt\x64\debug\moc\moc_mywidget.cpp
f:\xuw-j@glodom.com\study\qt_study\xuw-j@glodom.com\study\qt_study\code\helloqt\helloqt\moc_subwidget.cpp
f:\xuw-j@glodom.com\study\qt_study\xuw-j@glodom.com\study\qt_study\code\helloqt\helloqt\moc_subwidget1.cpp
f:\xuw-j@glodom.com\study\qt_study\code\helloqt\x64\debug\helloqt.ilk
f:\xuw-j@glodom.com\study\qt_study\code\helloqt\x64\debug\helloqt.exe
f:\xuw-j@glodom.com\study\qt_study\code\helloqt\x64\debug\helloqt.pdb
f:\xuw-j@glodom.com\study\qt_study\code\helloqt\helloqt\x64\debug\\moc\moc_mywidget.cpp
f:\xuw-j@glodom.com\study\qt_study\code\helloqt\helloqt\x64\debug\\rcc\qrc_mywidget.cpp
f:\xuw-j@glodom.com\study\qt_study\code\helloqt\helloqt\x64\debug\\uic\..\..\..\..\..\..\xuw-j@glodom.com\study\qt_study\code\helloqt\helloqt\ui_subwidget.h
f:\xuw-j@glodom.com\study\qt_study\code\helloqt\helloqt\x64\debug\\uic\ui_mywidget.h
f:\xuw-j@glodom.com\study\qt_study\code\helloqt\helloqt\x64\debug\helloqt.tlog\cl.command.1.tlog
f:\xuw-j@glodom.com\study\qt_study\code\helloqt\helloqt\x64\debug\helloqt.tlog\cl.read.1.tlog
f:\xuw-j@glodom.com\study\qt_study\code\helloqt\helloqt\x64\debug\helloqt.tlog\cl.write.1.tlog
f:\xuw-j@glodom.com\study\qt_study\code\helloqt\helloqt\x64\debug\helloqt.tlog\helloqt.write.1u.tlog
f:\xuw-j@glodom.com\study\qt_study\code\helloqt\helloqt\x64\debug\helloqt.tlog\link.command.1.tlog
f:\xuw-j@glodom.com\study\qt_study\code\helloqt\helloqt\x64\debug\helloqt.tlog\link.read.1.tlog
f:\xuw-j@glodom.com\study\qt_study\code\helloqt\helloqt\x64\debug\helloqt.tlog\link.write.1.tlog
f:\xuw-j@glodom.com\study\qt_study\code\helloqt\helloqt\x64\debug\helloqt.tlog\moc.read.1u.tlog
f:\xuw-j@glodom.com\study\qt_study\code\helloqt\helloqt\x64\debug\helloqt.tlog\moc.write.1u.tlog
f:\xuw-j@glodom.com\study\qt_study\code\helloqt\helloqt\x64\debug\helloqt.tlog\rcc.read.1u.tlog
f:\xuw-j@glodom.com\study\qt_study\code\helloqt\helloqt\x64\debug\helloqt.tlog\rcc.write.1u.tlog
f:\xuw-j@glodom.com\study\qt_study\code\helloqt\helloqt\x64\debug\helloqt.tlog\uic.read.1u.tlog
f:\xuw-j@glodom.com\study\qt_study\code\helloqt\helloqt\x64\debug\helloqt.tlog\uic.write.1u.tlog
